2023-10-12 10:14:33,593 UTC DEBUG    builtins        Headers before feature: {'Authorization': 'Bearer e93af8cd65052e8e1703015de2d02e89f006b3e0'}
2023-10-12 10:14:33,593 UTC INFO     utils.rest_client Method Name: get
2023-10-12 10:14:33,593 UTC INFO     utils.rest_client Endpoint (URL): https://api.todoist.com/rest/v2/projects
2023-10-12 10:14:34,389 UTC INFO     utils.rest_client Status code: 200
2023-10-12 10:14:34,389 UTC DEBUG    utils.rest_client Request: {'User-Agent': 'python-requests/2.31.0', 'Accept-Encoding': 'gzip, deflate', 'Accept': '*/*', 'Connection': 'keep-alive', 'Authorization': 'Bearer e93af8cd65052e8e1703015de2d02e89f006b3e0'}
2023-10-12 10:14:34,391 UTC INFO     utils.rest_client Response: [
	{
		"id": "2319679387",
		"parent_id": null,
		"order": 0,
		"color": "charcoal",
		"name": "Inbox",
		"comment_count": 15,
		"is_shared": false,
		"is_favorite": false,
		"is_inbox_project": true,
		"is_team_inbox": false,
		"url": "https://todoist.com/showProject?id=2319679387",
		"view_style": "list"
	},
	{
		"id": "2320957629",
		"parent_id": null,
		"order": 5,
		"color": "red",
		"name": "Project 2",
		"comment_count": 0,
		"is_shared": false,
		"is_favorite": false,
		"is_inbox_project": false,
		"is_team_inbox": false,
		"url": "https://todoist.com/showProject?id=2320957629",
		"view_style": "list"
	}
]

2023-10-12 10:14:34,397 UTC DEBUG    builtins        {'body': [{'id': '2319679387', 'parent_id': None, 'order': 0, 'color': 'charcoal', 'name': 'Inbox', 'comment_count': 15, 'is_shared': False, 'is_favorite': False, 'is_inbox_project': True, 'is_team_inbox': False, 'url': 'https://todoist.com/showProject?id=2319679387', 'view_style': 'list'}, {'id': '2320957629', 'parent_id': None, 'order': 5, 'color': 'red', 'name': 'Project 2', 'comment_count': 0, 'is_shared': False, 'is_favorite': False, 'is_inbox_project': False, 'is_team_inbox': False, 'url': 'https://todoist.com/showProject?id=2320957629', 'view_style': 'list'}], 'headers': {'Content-Type': 'application/json', 'Content-Length': '622', 'Connection': 'keep-alive', 'Date': 'Thu, 12 Oct 2023 14:14:34 GMT', 'Access-Control-Allow-Credentials': 'false', 'Access-Control-Allow-Origin': '*', 'Referrer-Policy': 'strict-origin-when-cross-origin', 'Server': 'gunicorn', 'Set-Cookie': 'csrf=037ea0f5ddf543b291339807778ee145; Expires=Sun, 09-Oct-2033 14:14:34 GMT; Secure; Path=/; SameSite=None', 'Strict-Transport-Security': 'max-age=31536000; includeSubDomains; preload', 'Vary': 'Accept-Encoding', 'X-Cache': 'Miss from cloudfront', 'Via': '1.1 1b60cf6445dea0db327d48d27419e066.cloudfront.net (CloudFront)', 'X-Amz-Cf-Pop': 'LIM50-P1', 'X-Amz-Cf-Id': 'IGcIz76kRCgjIaQ2W54M7MulBxgsfd3XNzSbnXTKPjtobyg4v39ZyQ=='}, 'status': 200}
2023-10-12 10:14:34,400 UTC DEBUG    builtins        Scenario tags: []
2023-10-12 10:14:34,402 UTC DEBUG    builtins        HEADERS: {'Authorization': 'Bearer e93af8cd65052e8e1703015de2d02e89f006b3e0'}
2023-10-12 10:14:34,403 UTC DEBUG    builtins        URL: https://api.todoist.com/rest/v2/
2023-10-12 10:14:34,405 UTC INFO     utils.rest_client Method Name: get
2023-10-12 10:14:34,405 UTC INFO     utils.rest_client Endpoint (URL): https://api.todoist.com/rest/v2/projects
2023-10-12 10:14:35,168 UTC INFO     utils.rest_client Status code: 200
2023-10-12 10:14:35,178 UTC DEBUG    utils.rest_client Request: {'User-Agent': 'python-requests/2.31.0', 'Accept-Encoding': 'gzip, deflate', 'Accept': '*/*', 'Connection': 'keep-alive', 'Authorization': 'Bearer e93af8cd65052e8e1703015de2d02e89f006b3e0', 'Cookie': 'csrf=037ea0f5ddf543b291339807778ee145'}
2023-10-12 10:14:35,179 UTC INFO     utils.rest_client Response: [
	{
		"id": "2319679387",
		"parent_id": null,
		"order": 0,
		"color": "charcoal",
		"name": "Inbox",
		"comment_count": 15,
		"is_shared": false,
		"is_favorite": false,
		"is_inbox_project": true,
		"is_team_inbox": false,
		"url": "https://todoist.com/showProject?id=2319679387",
		"view_style": "list"
	},
	{
		"id": "2320957629",
		"parent_id": null,
		"order": 5,
		"color": "red",
		"name": "Project 2",
		"comment_count": 0,
		"is_shared": false,
		"is_favorite": false,
		"is_inbox_project": false,
		"is_team_inbox": false,
		"url": "https://todoist.com/showProject?id=2320957629",
		"view_style": "list"
	}
]

2023-10-12 10:14:35,179 UTC DEBUG    builtins        Status code from response: 200
2023-10-12 10:14:35,179 UTC DEBUG    builtins        Status code param: <class 'int'>
2023-10-12 10:14:35,179 UTC DEBUG    builtins        Status code response: <class 'int'>
2023-10-12 10:14:35,188 UTC DEBUG    builtins        Scenario tags: ['project_id']
2023-10-12 10:14:35,188 UTC INFO     utils.rest_client Method Name: post
2023-10-12 10:14:35,188 UTC INFO     utils.rest_client Endpoint (URL): https://api.todoist.com/rest/v2/projects
2023-10-12 10:14:35,844 UTC INFO     utils.rest_client Status code: 200
2023-10-12 10:14:35,848 UTC DEBUG    utils.rest_client Request: {'User-Agent': 'python-requests/2.31.0', 'Accept-Encoding': 'gzip, deflate', 'Accept': '*/*', 'Connection': 'keep-alive', 'Authorization': 'Bearer e93af8cd65052e8e1703015de2d02e89f006b3e0', 'Cookie': 'csrf=037ea0f5ddf543b291339807778ee145', 'Content-Length': '14', 'Content-Type': 'application/x-www-form-urlencoded'}
2023-10-12 10:14:35,848 UTC INFO     utils.rest_client Response: {
	"id": "2321856001",
	"parent_id": null,
	"order": 6,
	"color": "charcoal",
	"name": "project x",
	"comment_count": 0,
	"is_shared": false,
	"is_favorite": false,
	"is_inbox_project": false,
	"is_team_inbox": false,
	"url": "https://todoist.com/showProject?id=2321856001",
	"view_style": "list"
}

2023-10-12 10:14:35,848 UTC DEBUG    builtins        Project id created: 2321856001
2023-10-12 10:14:35,868 UTC DEBUG    builtins        HEADERS: {'Authorization': 'Bearer e93af8cd65052e8e1703015de2d02e89f006b3e0'}
2023-10-12 10:14:35,868 UTC DEBUG    builtins        URL: https://api.todoist.com/rest/v2/
2023-10-12 10:14:35,868 UTC INFO     utils.rest_client Method Name: get
2023-10-12 10:14:35,868 UTC INFO     utils.rest_client Endpoint (URL): https://api.todoist.com/rest/v2/projects
2023-10-12 10:14:36,405 UTC INFO     utils.rest_client Status code: 200
2023-10-12 10:14:36,407 UTC DEBUG    utils.rest_client Request: {'User-Agent': 'python-requests/2.31.0', 'Accept-Encoding': 'gzip, deflate', 'Accept': '*/*', 'Connection': 'keep-alive', 'Authorization': 'Bearer e93af8cd65052e8e1703015de2d02e89f006b3e0', 'Cookie': 'csrf=037ea0f5ddf543b291339807778ee145'}
2023-10-12 10:14:36,408 UTC INFO     utils.rest_client Response: [
	{
		"id": "2319679387",
		"parent_id": null,
		"order": 0,
		"color": "charcoal",
		"name": "Inbox",
		"comment_count": 15,
		"is_shared": false,
		"is_favorite": false,
		"is_inbox_project": true,
		"is_team_inbox": false,
		"url": "https://todoist.com/showProject?id=2319679387",
		"view_style": "list"
	},
	{
		"id": "2320957629",
		"parent_id": null,
		"order": 5,
		"color": "red",
		"name": "Project 2",
		"comment_count": 0,
		"is_shared": false,
		"is_favorite": false,
		"is_inbox_project": false,
		"is_team_inbox": false,
		"url": "https://todoist.com/showProject?id=2320957629",
		"view_style": "list"
	},
	{
		"id": "2321856001",
		"parent_id": null,
		"order": 6,
		"color": "charcoal",
		"name": "project x",
		"comment_count": 0,
		"is_shared": false,
		"is_favorite": false,
		"is_inbox_project": false,
		"is_team_inbox": false,
		"url": "https://todoist.com/showProject?id=2321856001",
		"view_style": "list"
	}
]

2023-10-12 10:14:36,410 UTC DEBUG    builtins        Status code from response: 200
2023-10-12 10:14:36,418 UTC DEBUG    builtins        Status code param: <class 'int'>
2023-10-12 10:14:36,418 UTC DEBUG    builtins        Status code response: <class 'int'>
2023-10-12 10:14:36,418 UTC DEBUG    builtins        Scenario tags: []
2023-10-12 10:14:36,418 UTC DEBUG    builtins        HEADERS: {'Authorization': 'Bearer e93af8cd65052e8e1703015de2d02e89f006b3e0'}
2023-10-12 10:14:36,428 UTC DEBUG    builtins        URL: https://api.todoist.com/rest/v2/
2023-10-12 10:14:36,433 UTC INFO     utils.rest_client Method Name: post
2023-10-12 10:14:36,433 UTC INFO     utils.rest_client Endpoint (URL): https://api.todoist.com/rest/v2/projects
2023-10-12 10:14:37,064 UTC INFO     utils.rest_client Status code: 200
2023-10-12 10:14:37,065 UTC DEBUG    utils.rest_client Request: {'User-Agent': 'python-requests/2.31.0', 'Accept-Encoding': 'gzip, deflate', 'Accept': '*/*', 'Connection': 'keep-alive', 'Authorization': 'Bearer e93af8cd65052e8e1703015de2d02e89f006b3e0', 'Cookie': 'csrf=037ea0f5ddf543b291339807778ee145', 'Content-Length': '14', 'Content-Type': 'application/x-www-form-urlencoded'}
2023-10-12 10:14:37,066 UTC INFO     utils.rest_client Response: {
	"id": "2321856004",
	"parent_id": null,
	"order": 7,
	"color": "charcoal",
	"name": "Project 1",
	"comment_count": 0,
	"is_shared": false,
	"is_favorite": false,
	"is_inbox_project": false,
	"is_team_inbox": false,
	"url": "https://todoist.com/showProject?id=2321856004",
	"view_style": "list"
}

2023-10-12 10:14:37,068 UTC DEBUG    builtins        Status code from response: 200
2023-10-12 10:14:37,069 UTC DEBUG    builtins        Status code param: <class 'int'>
2023-10-12 10:14:37,069 UTC DEBUG    builtins        Status code response: <class 'int'>
2023-10-12 10:14:37,070 UTC DEBUG    builtins        Scenario tags: ['project_id']
2023-10-12 10:14:37,071 UTC INFO     utils.rest_client Method Name: post
2023-10-12 10:14:37,072 UTC INFO     utils.rest_client Endpoint (URL): https://api.todoist.com/rest/v2/projects
2023-10-12 10:14:37,432 UTC INFO     utils.rest_client Status code: 200
2023-10-12 10:14:37,434 UTC DEBUG    utils.rest_client Request: {'User-Agent': 'python-requests/2.31.0', 'Accept-Encoding': 'gzip, deflate', 'Accept': '*/*', 'Connection': 'keep-alive', 'Authorization': 'Bearer e93af8cd65052e8e1703015de2d02e89f006b3e0', 'Cookie': 'csrf=037ea0f5ddf543b291339807778ee145', 'Content-Length': '14', 'Content-Type': 'application/x-www-form-urlencoded'}
2023-10-12 10:14:37,438 UTC INFO     utils.rest_client Response: {
	"id": "2321856005",
	"parent_id": null,
	"order": 8,
	"color": "charcoal",
	"name": "project x",
	"comment_count": 0,
	"is_shared": false,
	"is_favorite": false,
	"is_inbox_project": false,
	"is_team_inbox": false,
	"url": "https://todoist.com/showProject?id=2321856005",
	"view_style": "list"
}

2023-10-12 10:14:37,440 UTC DEBUG    builtins        Project id created: 2321856005
2023-10-12 10:14:37,444 UTC DEBUG    builtins        HEADERS: {'Authorization': 'Bearer e93af8cd65052e8e1703015de2d02e89f006b3e0'}
2023-10-12 10:14:37,445 UTC DEBUG    builtins        URL: https://api.todoist.com/rest/v2/
2023-10-12 10:14:37,447 UTC INFO     utils.rest_client Method Name: delete
2023-10-12 10:14:37,448 UTC INFO     utils.rest_client Endpoint (URL): https://api.todoist.com/rest/v2/projects/2321856005
2023-10-12 10:14:38,048 UTC INFO     utils.rest_client Status code: 204
2023-10-12 10:14:38,048 UTC DEBUG    utils.rest_client Request: {'User-Agent': 'python-requests/2.31.0', 'Accept-Encoding': 'gzip, deflate', 'Accept': '*/*', 'Connection': 'keep-alive', 'Authorization': 'Bearer e93af8cd65052e8e1703015de2d02e89f006b3e0', 'Cookie': 'csrf=037ea0f5ddf543b291339807778ee145', 'Content-Length': '0'}
2023-10-12 10:14:38,048 UTC INFO     utils.rest_client Response: 
2023-10-12 10:14:38,048 UTC DEBUG    builtins        Status code from response: 204
2023-10-12 10:14:38,048 UTC DEBUG    builtins        Status code param: <class 'int'>
2023-10-12 10:14:38,048 UTC DEBUG    builtins        Status code response: <class 'int'>
2023-10-12 10:14:38,048 UTC DEBUG    builtins        Scenario tags: ['project_id', 'wip']
2023-10-12 10:14:38,048 UTC INFO     utils.rest_client Method Name: post
2023-10-12 10:14:38,048 UTC INFO     utils.rest_client Endpoint (URL): https://api.todoist.com/rest/v2/projects
2023-10-12 10:14:38,462 UTC INFO     utils.rest_client Status code: 200
2023-10-12 10:14:38,464 UTC DEBUG    utils.rest_client Request: {'User-Agent': 'python-requests/2.31.0', 'Accept-Encoding': 'gzip, deflate', 'Accept': '*/*', 'Connection': 'keep-alive', 'Authorization': 'Bearer e93af8cd65052e8e1703015de2d02e89f006b3e0', 'Cookie': 'csrf=037ea0f5ddf543b291339807778ee145', 'Content-Length': '14', 'Content-Type': 'application/x-www-form-urlencoded'}
2023-10-12 10:14:38,466 UTC INFO     utils.rest_client Response: {
	"id": "2321856007",
	"parent_id": null,
	"order": 8,
	"color": "charcoal",
	"name": "project x",
	"comment_count": 0,
	"is_shared": false,
	"is_favorite": false,
	"is_inbox_project": false,
	"is_team_inbox": false,
	"url": "https://todoist.com/showProject?id=2321856007",
	"view_style": "list"
}

2023-10-12 10:14:38,469 UTC DEBUG    builtins        Project id created: 2321856007
2023-10-12 10:14:38,473 UTC DEBUG    builtins        HEADERS: {'Authorization': 'Bearer e93af8cd65052e8e1703015de2d02e89f006b3e0'}
2023-10-12 10:14:38,474 UTC DEBUG    builtins        URL: https://api.todoist.com/rest/v2/
2023-10-12 10:14:38,477 UTC DEBUG    builtins        JSON: {
  "name": "Project updated",
  "color": "red"
}
2023-10-12 10:14:38,479 UTC INFO     utils.rest_client Method Name: post
2023-10-12 10:14:38,480 UTC INFO     utils.rest_client Endpoint (URL): https://api.todoist.com/rest/v2/projects/2321856007
2023-10-12 10:14:39,037 UTC INFO     utils.rest_client Status code: 200
2023-10-12 10:14:39,038 UTC DEBUG    utils.rest_client Request: {'User-Agent': 'python-requests/2.31.0', 'Accept-Encoding': 'gzip, deflate', 'Accept': '*/*', 'Connection': 'keep-alive', 'Authorization': 'Bearer e93af8cd65052e8e1703015de2d02e89f006b3e0', 'Cookie': 'csrf=037ea0f5ddf543b291339807778ee145', 'Content-Length': '52', 'Content-Type': 'application/x-www-form-urlencoded'}
2023-10-12 10:14:39,039 UTC INFO     utils.rest_client Response: {
	"id": "2321856007",
	"parent_id": null,
	"order": 8,
	"color": "red",
	"name": "Project updated",
	"comment_count": 0,
	"is_shared": false,
	"is_favorite": false,
	"is_inbox_project": false,
	"is_team_inbox": false,
	"url": "https://todoist.com/showProject?id=2321856007",
	"view_style": "list"
}

2023-10-12 10:14:39,041 UTC DEBUG    builtins        Status code from response: 200
2023-10-12 10:14:39,042 UTC DEBUG    builtins        Status code param: <class 'int'>
2023-10-12 10:14:39,042 UTC DEBUG    builtins        Status code response: <class 'int'>
2023-10-12 10:14:39,043 UTC DEBUG    builtins        Scenario tags: []
2023-10-12 10:14:39,043 UTC DEBUG    builtins        HEADERS: {'Authorization': 'Bearer e93af8cd65052e8e1703015de2d02e89f006b3e0'}
2023-10-12 10:14:39,048 UTC DEBUG    builtins        URL: https://api.todoist.com/rest/v2/
2023-10-12 10:14:39,048 UTC INFO     utils.rest_client Method Name: get
2023-10-12 10:14:39,048 UTC INFO     utils.rest_client Endpoint (URL): https://api.todoist.com/rest/v2/sections
2023-10-12 10:14:39,550 UTC INFO     utils.rest_client Status code: 200
2023-10-12 10:14:39,551 UTC DEBUG    utils.rest_client Request: {'User-Agent': 'python-requests/2.31.0', 'Accept-Encoding': 'gzip, deflate', 'Accept': '*/*', 'Connection': 'keep-alive', 'Authorization': 'Bearer e93af8cd65052e8e1703015de2d02e89f006b3e0', 'Cookie': 'csrf=037ea0f5ddf543b291339807778ee145'}
2023-10-12 10:14:39,551 UTC INFO     utils.rest_client Response: []

2023-10-12 10:14:39,551 UTC DEBUG    builtins        Status code from response: 200
2023-10-12 10:14:39,551 UTC DEBUG    builtins        Status code param: <class 'int'>
2023-10-12 10:14:39,551 UTC DEBUG    builtins        Status code response: <class 'int'>
2023-10-12 10:14:39,551 UTC DEBUG    builtins        Scenario tags: ['project_id']
2023-10-12 10:14:39,551 UTC INFO     utils.rest_client Method Name: post
2023-10-12 10:14:39,551 UTC INFO     utils.rest_client Endpoint (URL): https://api.todoist.com/rest/v2/projects
2023-10-12 10:14:40,197 UTC INFO     utils.rest_client Status code: 200
2023-10-12 10:14:40,200 UTC DEBUG    utils.rest_client Request: {'User-Agent': 'python-requests/2.31.0', 'Accept-Encoding': 'gzip, deflate', 'Accept': '*/*', 'Connection': 'keep-alive', 'Authorization': 'Bearer e93af8cd65052e8e1703015de2d02e89f006b3e0', 'Cookie': 'csrf=037ea0f5ddf543b291339807778ee145', 'Content-Length': '14', 'Content-Type': 'application/x-www-form-urlencoded'}
2023-10-12 10:14:40,203 UTC INFO     utils.rest_client Response: {
	"id": "2321856009",
	"parent_id": null,
	"order": 9,
	"color": "charcoal",
	"name": "project x",
	"comment_count": 0,
	"is_shared": false,
	"is_favorite": false,
	"is_inbox_project": false,
	"is_team_inbox": false,
	"url": "https://todoist.com/showProject?id=2321856009",
	"view_style": "list"
}

2023-10-12 10:14:40,209 UTC DEBUG    builtins        Project id created: 2321856009
2023-10-12 10:14:40,218 UTC DEBUG    builtins        HEADERS: {'Authorization': 'Bearer e93af8cd65052e8e1703015de2d02e89f006b3e0'}
2023-10-12 10:14:40,220 UTC DEBUG    builtins        URL: https://api.todoist.com/rest/v2/
2023-10-12 10:14:40,233 UTC DEBUG    builtins        JSON: {
  "project_id": "project_id",
  "name": "Section created"
}
2023-10-12 10:14:40,233 UTC INFO     utils.rest_client Method Name: post
2023-10-12 10:14:40,233 UTC INFO     utils.rest_client Endpoint (URL): https://api.todoist.com/rest/v2/sections
2023-10-12 10:14:40,813 UTC INFO     utils.rest_client Status code: 200
2023-10-12 10:14:40,814 UTC DEBUG    utils.rest_client Request: {'User-Agent': 'python-requests/2.31.0', 'Accept-Encoding': 'gzip, deflate', 'Accept': '*/*', 'Connection': 'keep-alive', 'Authorization': 'Bearer e93af8cd65052e8e1703015de2d02e89f006b3e0', 'Cookie': 'csrf=037ea0f5ddf543b291339807778ee145', 'Content-Length': '42', 'Content-Type': 'application/x-www-form-urlencoded'}
2023-10-12 10:14:40,815 UTC INFO     utils.rest_client Response: {
	"id": "136746617",
	"project_id": "2321856009",
	"order": 1,
	"name": "Section created"
}

2023-10-12 10:14:40,816 UTC DEBUG    builtins        Status code from response: 200
2023-10-12 10:14:40,817 UTC DEBUG    builtins        Status code param: <class 'int'>
2023-10-12 10:14:40,818 UTC DEBUG    builtins        Status code response: <class 'int'>
2023-10-12 10:14:40,819 UTC DEBUG    builtins        Scenario tags: ['section_id']
2023-10-12 10:14:40,819 UTC INFO     utils.rest_client Method Name: post
2023-10-12 10:14:40,820 UTC INFO     utils.rest_client Endpoint (URL): https://api.todoist.com/rest/v2/sections
2023-10-12 10:14:41,419 UTC INFO     utils.rest_client Status code: 200
2023-10-12 10:14:41,419 UTC DEBUG    utils.rest_client Request: {'User-Agent': 'python-requests/2.31.0', 'Accept-Encoding': 'gzip, deflate', 'Accept': '*/*', 'Connection': 'keep-alive', 'Authorization': 'Bearer e93af8cd65052e8e1703015de2d02e89f006b3e0', 'Cookie': 'csrf=037ea0f5ddf543b291339807778ee145', 'Content-Length': '36', 'Content-Type': 'application/x-www-form-urlencoded'}
2023-10-12 10:14:41,430 UTC INFO     utils.rest_client Response: {
	"id": "136746618",
	"project_id": "2320957629",
	"order": 1,
	"name": "section x"
}

2023-10-12 10:14:41,435 UTC DEBUG    builtins        Section id created: 136746618
2023-10-12 10:14:41,443 UTC DEBUG    builtins        HEADERS: {'Authorization': 'Bearer e93af8cd65052e8e1703015de2d02e89f006b3e0'}
2023-10-12 10:14:41,447 UTC DEBUG    builtins        URL: https://api.todoist.com/rest/v2/
2023-10-12 10:14:41,451 UTC INFO     utils.rest_client Method Name: delete
2023-10-12 10:14:41,452 UTC INFO     utils.rest_client Endpoint (URL): https://api.todoist.com/rest/v2/sections/136746618
2023-10-12 10:14:42,098 UTC INFO     utils.rest_client Status code: 204
2023-10-12 10:14:42,098 UTC DEBUG    utils.rest_client Request: {'User-Agent': 'python-requests/2.31.0', 'Accept-Encoding': 'gzip, deflate', 'Accept': '*/*', 'Connection': 'keep-alive', 'Authorization': 'Bearer e93af8cd65052e8e1703015de2d02e89f006b3e0', 'Cookie': 'csrf=037ea0f5ddf543b291339807778ee145', 'Content-Length': '0'}
2023-10-12 10:14:42,098 UTC INFO     utils.rest_client Response: 
2023-10-12 10:14:42,098 UTC INFO     utils.rest_client Method Name: delete
2023-10-12 10:14:42,098 UTC INFO     utils.rest_client Endpoint (URL): https://api.todoist.com/rest/v2/projects/2321856001
2023-10-12 10:14:42,728 UTC INFO     utils.rest_client Status code: 204
2023-10-12 10:14:42,728 UTC DEBUG    utils.rest_client Request: {'User-Agent': 'python-requests/2.31.0', 'Accept-Encoding': 'gzip, deflate', 'Accept': '*/*', 'Connection': 'keep-alive', 'Authorization': 'Bearer e93af8cd65052e8e1703015de2d02e89f006b3e0', 'Cookie': 'csrf=037ea0f5ddf543b291339807778ee145', 'Content-Length': '0'}
2023-10-12 10:14:42,728 UTC INFO     utils.rest_client Response: 
2023-10-12 10:14:42,728 UTC INFO     builtins        Deleting project: 2321856001
2023-10-12 10:14:42,738 UTC INFO     utils.rest_client Method Name: delete
2023-10-12 10:14:42,738 UTC INFO     utils.rest_client Endpoint (URL): https://api.todoist.com/rest/v2/projects/2321856004
2023-10-12 10:14:43,027 UTC INFO     utils.rest_client Status code: 204
2023-10-12 10:14:43,028 UTC DEBUG    utils.rest_client Request: {'User-Agent': 'python-requests/2.31.0', 'Accept-Encoding': 'gzip, deflate', 'Accept': '*/*', 'Connection': 'keep-alive', 'Authorization': 'Bearer e93af8cd65052e8e1703015de2d02e89f006b3e0', 'Cookie': 'csrf=037ea0f5ddf543b291339807778ee145', 'Content-Length': '0'}
2023-10-12 10:14:43,030 UTC INFO     utils.rest_client Response: 
2023-10-12 10:14:43,032 UTC INFO     builtins        Deleting project: 2321856004
2023-10-12 10:14:43,033 UTC INFO     utils.rest_client Method Name: delete
2023-10-12 10:14:43,034 UTC INFO     utils.rest_client Endpoint (URL): https://api.todoist.com/rest/v2/projects/2321856005
2023-10-12 10:14:43,279 UTC INFO     utils.rest_client Status code: 204
2023-10-12 10:14:43,280 UTC DEBUG    utils.rest_client Request: {'User-Agent': 'python-requests/2.31.0', 'Accept-Encoding': 'gzip, deflate', 'Accept': '*/*', 'Connection': 'keep-alive', 'Authorization': 'Bearer e93af8cd65052e8e1703015de2d02e89f006b3e0', 'Cookie': 'csrf=037ea0f5ddf543b291339807778ee145', 'Content-Length': '0'}
2023-10-12 10:14:43,281 UTC INFO     utils.rest_client Response: 
2023-10-12 10:14:43,282 UTC INFO     builtins        Deleting project: 2321856005
2023-10-12 10:14:43,283 UTC INFO     utils.rest_client Method Name: delete
2023-10-12 10:14:43,283 UTC INFO     utils.rest_client Endpoint (URL): https://api.todoist.com/rest/v2/projects/2321856007
2023-10-12 10:14:43,961 UTC INFO     utils.rest_client Status code: 204
2023-10-12 10:14:43,961 UTC DEBUG    utils.rest_client Request: {'User-Agent': 'python-requests/2.31.0', 'Accept-Encoding': 'gzip, deflate', 'Accept': '*/*', 'Connection': 'keep-alive', 'Authorization': 'Bearer e93af8cd65052e8e1703015de2d02e89f006b3e0', 'Cookie': 'csrf=037ea0f5ddf543b291339807778ee145', 'Content-Length': '0'}
2023-10-12 10:14:43,962 UTC INFO     utils.rest_client Response: 
2023-10-12 10:14:43,963 UTC INFO     builtins        Deleting project: 2321856007
2023-10-12 10:14:43,964 UTC INFO     utils.rest_client Method Name: delete
2023-10-12 10:14:43,965 UTC INFO     utils.rest_client Endpoint (URL): https://api.todoist.com/rest/v2/projects/2321856007
2023-10-12 10:14:44,227 UTC INFO     utils.rest_client Status code: 204
2023-10-12 10:14:44,228 UTC DEBUG    utils.rest_client Request: {'User-Agent': 'python-requests/2.31.0', 'Accept-Encoding': 'gzip, deflate', 'Accept': '*/*', 'Connection': 'keep-alive', 'Authorization': 'Bearer e93af8cd65052e8e1703015de2d02e89f006b3e0', 'Cookie': 'csrf=037ea0f5ddf543b291339807778ee145', 'Content-Length': '0'}
2023-10-12 10:14:44,228 UTC INFO     utils.rest_client Response: 
2023-10-12 10:14:44,228 UTC INFO     builtins        Deleting project: 2321856007
2023-10-12 10:14:44,228 UTC INFO     utils.rest_client Method Name: delete
2023-10-12 10:14:44,238 UTC INFO     utils.rest_client Endpoint (URL): https://api.todoist.com/rest/v2/projects/2321856009
2023-10-12 10:14:44,553 UTC INFO     utils.rest_client Status code: 204
2023-10-12 10:14:44,553 UTC DEBUG    utils.rest_client Request: {'User-Agent': 'python-requests/2.31.0', 'Accept-Encoding': 'gzip, deflate', 'Accept': '*/*', 'Connection': 'keep-alive', 'Authorization': 'Bearer e93af8cd65052e8e1703015de2d02e89f006b3e0', 'Cookie': 'csrf=037ea0f5ddf543b291339807778ee145', 'Content-Length': '0'}
2023-10-12 10:14:44,558 UTC INFO     utils.rest_client Response: 
2023-10-12 10:14:44,561 UTC INFO     builtins        Deleting project: 2321856009
